[23:30:06] [main/INFO] (FabricLoader/GameProvider) Loading Minecraft 1.21.10 with Fabric Loader 0.18.1
[23:30:06] [main/INFO] (FabricLoader) Loading 62 mods:
	- fabric-api 0.138.3+1.21.10
	- fabric-api-base 1.0.0+14b92d896f
	- fabric-api-lookup-api-v1 1.6.106+d17682156f
	- fabric-biome-api-v1 16.1.0+c2417d4f6f
	- fabric-block-api-v1 1.1.5+d17682156f
	- fabric-block-view-api-v2 1.0.34+e4fd1b926f
	- fabric-client-gametest-api-v1 4.2.13+14b92d896f
	- fabric-command-api-v2 2.4.0+c0ab2d5d6f
	- fabric-content-registries-v0 10.2.6+b6a242646f
	- fabric-convention-tags-v1 2.1.49+7f945d5b6f
	- fabric-convention-tags-v2 2.17.0+ff7bc77d6f
	- fabric-crash-report-info-v1 0.3.18+33df5e6e6f
	- fabric-data-attachment-api-v1 1.8.33+cd3b9e596f
	- fabric-data-generation-api-v1 23.2.27+d8b85ef16f
	- fabric-dimensions-v1 4.0.22+38b9cc196f
	- fabric-entity-events-v1 2.1.13+fde3702c6f
	- fabric-events-interaction-v0 4.0.36+5ba217126f
	- fabric-game-rule-api-v1 1.1.1+e47eaae56f
	- fabric-gametest-api-v1 3.1.21+33df5e6e6f
	- fabric-item-api-v1 11.5.11+9bce411b6f
	- fabric-item-group-api-v1 4.2.27+86b3ae576f
	- fabric-key-binding-api-v1 1.1.1+b3ba9c486f
	- fabric-lifecycle-events-v1 2.6.9+33df5e6e6f
	- fabric-loot-api-v2 3.0.67+3f89f5a56f
	- fabric-loot-api-v3 2.0.14+d17682156f
	- fabric-message-api-v1 6.1.7+3154c1c86f
	- fabric-model-loading-api-v1 6.0.4+3ffd6ef06f
	- fabric-networking-api-v1 5.1.0+b095d8db6f
	- fabric-object-builder-api-v1 21.1.28+9bce411b6f
	- fabric-particles-v1 4.2.3+a0ee59a46f
	- fabric-recipe-api-v1 8.2.0+39709ef06f
	- fabric-registry-sync-v0 6.1.42+679c8c5c6f
	- fabric-renderer-api-v1 7.2.2+3706cdf36f
	- fabric-renderer-indigo 4.1.3+d7df91576f
	- fabric-rendering-fluids-v1 3.1.38+86b3ae576f
	- fabric-rendering-v1 16.2.0+bee81f016f
	- fabric-resource-conditions-api-v1 5.0.28+33df5e6e6f
	- fabric-resource-loader-v0 3.3.1+d4d4122a6f
	- fabric-resource-loader-v1 1.0.4+14959b836f
	- fabric-screen-api-v1 3.1.0+9c82a7986f
	- fabric-screen-handler-api-v1 1.3.151+d17682156f
	- fabric-serialization-api-v1 1.0.0+d857c9766f
	- fabric-sound-api-v1 1.0.45+328a75ba6f
	- fabric-tag-api-v1 1.2.13+2fa446b26f
	- fabric-transfer-api-v1 6.0.15+79ec2c126f
	- fabric-transitive-access-wideners-v1 6.5.3+41eb43436f
	- fabricloader 0.18.1
	- fobu_mc_anticheat 1.0.0
	- java 21
	- minecraft 1.21.10
	- mixinextras 0.5.0
	- modmenu 16.0.0-rc.1
	   \-- placeholder-api 2.8.0+1.21.9
	- test----- 1.21.10-46
	   |-- de_florianmichael_waybackauthlib 1.0.1
	   |-- io_netty_netty-codec-socks 4.1.118
	   |-- io_netty_netty-handler-proxy 4.1.118
	   |-- meteordevelopment_discord-ipc 1.1
	   |-- meteordevelopment_orbit 0.2.4
	   |-- org_javassist_javassist 3.28.0-GA
	   |-- org_meteordev_starscript 0.2.5
	   \-- org_reflections_reflections 0.10.2
[23:30:14] [pool-2-thread-8/WARN] (FabricLoader/ModRemap) Cannot remap onEntityCollision because it does not exists in any of the targets [net/minecraft/class_2560]
[23:30:14] [pool-2-thread-8/WARN] (FabricLoader/ModRemap) Cannot remap method_9548 because it does not exists in any of the targets [net/minecraft/class_2560]
[23:30:14] [pool-2-thread-5/WARN] (FabricLoader/ModRemap) Cannot remap onEntityCollision because it does not exists in any of the targets [net/minecraft/class_3830]
[23:30:14] [pool-2-thread-5/WARN] (FabricLoader/ModRemap) Cannot remap method_9548 because it does not exists in any of the targets [net/minecraft/class_3830]
[23:30:21] [main/INFO] (FabricLoader/Mixin) SpongePowered MIXIN Subsystem Version=0.8.7 Source=file:/C:/Users/alex/.gradle/caches/modules-2/files-2.1/net.fabricmc/sponge-mixin/0.16.5+mixin.0.8.7/80fc3a9f592673cea87f4cd702f87991c6c9fe4d/sponge-mixin-0.16.5+mixin.0.8.7.jar Service=Knot/Fabric Env=CLIENT
[23:30:21] [main/INFO] (FabricLoader/Mixin) Loaded Fabric development mappings for mixin remapper!
[23:30:22] [main/INFO] (FabricLoader/Mixin) Compatibility level set to JAVA_21
[23:30:26] [main/WARN] (FabricLoader/Mixin) Error loading class: baritone/command/defaults/ComeCommand (java.lang.ClassNotFoundException: baritone/command/defaults/ComeCommand)
[23:30:26] [main/WARN] (FabricLoader/Mixin) @Mixin target baritone.command.defaults.ComeCommand was not found meteor-client-baritone.mixins.json:ComeCommandMixin from mod test-----
[23:30:30] [main/INFO] (FabricLoader/MixinExtras|Service) Initializing MixinExtras via com.llamalad7.mixinextras.service.MixinExtrasServiceImpl(version=0.5.0).
[23:30:33] [Datafixer Bootstrap/INFO] (Minecraft) 278 Datafixer optimizations took 978 milliseconds
[23:30:34] [main/WARN] (PerfDataUtil) Failed to add PDH Counter: \Paging File(_Total)\% Usage, Error code: 0xC0000BB8
[23:30:34] [main/WARN] (PerfCounterQueryHandler) Failed to add counter for PDH counter: \Paging File(_Total)\% Usage
[23:30:34] [main/INFO] (PerfCounterQuery) Disabling further attempts to query Paging File.
[23:30:35] [main/WARN] (WmiQueryHandler) COM exception: Invalid Query: SELECT PERCENTUSAGE FROM Win32_PerfRawData_PerfOS_PagingFile
[23:30:37] [main/WARN] (WmiQueryHandler) COM exception: Invalid Query: SELECT PERCENTUSAGE FROM Win32_PerfRawData_PerfOS_PagingFile
[23:30:39] [main/WARN] (Minecraft) Failed to get system info for Render Extensions
java.lang.IllegalStateException: Can't getDevice() before it was initialized
	at knot/com.mojang.blaze3d.systems.RenderSystem.getDevice(RenderSystem.java:368) ~[minecraft-clientOnly-6227aad8ee-1.21.10-net.fabricmc.yarn.1_21_10.1.21.10+build.3-v2.jar:?]
	at knot/net.minecraft.client.MinecraftClient.method_68671(MinecraftClient.java:2484) ~[minecraft-clientOnly-6227aad8ee-1.21.10-net.fabricmc.yarn.1_21_10.1.21.10+build.3-v2.jar:?]
	at knot/net.minecraft.util.SystemDetails.addSection(SystemDetails.java:77) [minecraft-common-6227aad8ee-1.21.10-net.fabricmc.yarn.1_21_10.1.21.10+build.3-v2.jar:?]
	at knot/net.minecraft.client.MinecraftClient.addSystemDetailsToCrashReport(MinecraftClient.java:2484) [minecraft-clientOnly-6227aad8ee-1.21.10-net.fabricmc.yarn.1_21_10.1.21.10+build.3-v2.jar:?]
	at knot/net.minecraft.client.MinecraftClient.addSystemDetailsToCrashReport(MinecraftClient.java:2454) [minecraft-clientOnly-6227aad8ee-1.21.10-net.fabricmc.yarn.1_21_10.1.21.10+build.3-v2.jar:?]
	at knot/net.minecraft.client.main.Main.main(Main.java:207) [minecraft-clientOnly-6227aad8ee-1.21.10-net.fabricmc.yarn.1_21_10.1.21.10+build.3-v2.jar:?]
	at net.fabricmc.loader.impl.game.minecraft.MinecraftGameProvider.launch(MinecraftGameProvider.java:514) [fabric-loader-0.18.1.jar:?]
	at net.fabricmc.loader.impl.launch.knot.Knot.launch(Knot.java:72) [fabric-loader-0.18.1.jar:?]
	at net.fabricmc.loader.impl.launch.knot.KnotClient.main(KnotClient.java:23) [fabric-loader-0.18.1.jar:?]
	at net.fabricmc.devlaunchinjector.Main.main(Main.java:86) [dev-launch-injector-0.2.1+build.8.jar:?]
[23:30:39] [main/ERROR] (FabricLoader) Minecraft has crashed!
net.fabricmc.loader.impl.FormattedException: java.lang.NoClassDefFoundError: Could not initialize class meteordevelopment.meteorclient.MeteorClient
	at net.fabricmc.loader.impl.FormattedException.ofLocalized(FormattedException.java:63) ~[fabric-loader-0.18.1.jar:?]
	at net.fabricmc.loader.impl.game.minecraft.MinecraftGameProvider.launch(MinecraftGameProvider.java:516) ~[fabric-loader-0.18.1.jar:?]
	at net.fabricmc.loader.impl.launch.knot.Knot.launch(Knot.java:72) [fabric-loader-0.18.1.jar:?]
	at net.fabricmc.loader.impl.launch.knot.KnotClient.main(KnotClient.java:23) [fabric-loader-0.18.1.jar:?]
	at net.fabricmc.devlaunchinjector.Main.main(Main.java:86) [dev-launch-injector-0.2.1+build.8.jar:?]
Caused by: java.lang.NoClassDefFoundError: Could not initialize class meteordevelopment.meteorclient.MeteorClient
	at knot/net.minecraft.util.crash.CrashReport.handler$zhp000$test-----$onAddDetails(CrashReport.java:528) ~[minecraft-common-6227aad8ee-1.21.10-net.fabricmc.yarn.1_21_10.1.21.10+build.3-v2.jar:?]
	at knot/net.minecraft.util.crash.CrashReport.addDetails(CrashReport.java:81) ~[minecraft-common-6227aad8ee-1.21.10-net.fabricmc.yarn.1_21_10.1.21.10+build.3-v2.jar:?]
	at knot/net.minecraft.util.crash.CrashReport.asString(CrashReport.java:132) ~[minecraft-common-6227aad8ee-1.21.10-net.fabricmc.yarn.1_21_10.1.21.10+build.3-v2.jar:?]
	at knot/net.minecraft.util.crash.CrashReport.asString(CrashReport.java:138) ~[minecraft-common-6227aad8ee-1.21.10-net.fabricmc.yarn.1_21_10.1.21.10+build.3-v2.jar:?]
	at knot/net.minecraft.client.MinecraftClient.saveCrashReport(MinecraftClient.java:1048) ~[minecraft-clientOnly-6227aad8ee-1.21.10-net.fabricmc.yarn.1_21_10.1.21.10+build.3-v2.jar:?]
	at knot/net.minecraft.client.MinecraftClient.printCrashReport(MinecraftClient.java:1064) ~[minecraft-clientOnly-6227aad8ee-1.21.10-net.fabricmc.yarn.1_21_10.1.21.10+build.3-v2.jar:?]
	at knot/net.minecraft.client.main.Main.main(Main.java:208) ~[minecraft-clientOnly-6227aad8ee-1.21.10-net.fabricmc.yarn.1_21_10.1.21.10+build.3-v2.jar:?]
	at net.fabricmc.loader.impl.game.minecraft.MinecraftGameProvider.launch(MinecraftGameProvider.java:514) ~[fabric-loader-0.18.1.jar:?]
	... 3 more
Caused by: java.lang.ExceptionInInitializerError: Exception java.util.NoSuchElementException: No value present [in thread "main"]
	at java.base/java.util.Optional.orElseThrow(Optional.java:377) ~[?:?]
	at knot/meteordevelopment.meteorclient.MeteorClient.<clinit>(MeteorClient.java:64) ~[test------1.21.10-46-64b5720b4b825f21.jar:?]
	at knot/net.minecraft.util.crash.CrashReport.handler$zhp000$test-----$onAddDetails(CrashReport.java:528) ~[minecraft-common-6227aad8ee-1.21.10-net.fabricmc.yarn.1_21_10.1.21.10+build.3-v2.jar:?]
	at knot/net.minecraft.util.crash.CrashReport.addDetails(CrashReport.java:81) ~[minecraft-common-6227aad8ee-1.21.10-net.fabricmc.yarn.1_21_10.1.21.10+build.3-v2.jar:?]
	at knot/net.minecraft.util.crash.CrashReport.asString(CrashReport.java:132) ~[minecraft-common-6227aad8ee-1.21.10-net.fabricmc.yarn.1_21_10.1.21.10+build.3-v2.jar:?]
	at knot/net.minecraft.util.crash.CrashReport.asString(CrashReport.java:138) ~[minecraft-common-6227aad8ee-1.21.10-net.fabricmc.yarn.1_21_10.1.21.10+build.3-v2.jar:?]
	at knot/net.minecraft.util.crash.CrashReport.initCrashReport(CrashReport.java:234) ~[minecraft-common-6227aad8ee-1.21.10-net.fabricmc.yarn.1_21_10.1.21.10+build.3-v2.jar:?]
	at knot/net.minecraft.client.main.Main.main(Main.java:130) ~[minecraft-clientOnly-6227aad8ee-1.21.10-net.fabricmc.yarn.1_21_10.1.21.10+build.3-v2.jar:?]
	at net.fabricmc.loader.impl.game.minecraft.MinecraftGameProvider.launch(MinecraftGameProvider.java:514) ~[fabric-loader-0.18.1.jar:?]
	... 3 more
